{"C:\\Users\\Eka_home\\Desktop\\testing\\src\\calculate.js": {"path":"C:\\Users\\Eka_home\\Desktop\\testing\\src\\calculate.js","statementMap":{"0":{"start":{"line":2,"column":16},"end":{"line":4,"column":9}},"1":{"start":{"line":3,"column":8},"end":{"line":3,"column":49}},"2":{"start":{"line":5,"column":4},"end":{"line":7,"column":5}},"3":{"start":{"line":6,"column":8},"end":{"line":6,"column":27}},"4":{"start":{"line":8,"column":4},"end":{"line":8,"column":14}}},"fnMap":{"0":{"name":"calculateTotal","decl":{"start":{"line":1,"column":16},"end":{"line":1,"column":30}},"loc":{"start":{"line":1,"column":57},"end":{"line":9,"column":1}},"line":1},"1":{"name":"(anonymous_1)","decl":{"start":{"line":2,"column":33},"end":{"line":2,"column":34}},"loc":{"start":{"line":2,"column":50},"end":{"line":4,"column":5}},"line":2}},"branchMap":{"0":{"loc":{"start":{"line":5,"column":4},"end":{"line":7,"column":5}},"type":"if","locations":[{"start":{"line":5,"column":4},"end":{"line":7,"column":5}},{"start":{},"end":{}}],"line":5}},"s":{"0":2,"1":4,"2":2,"3":1,"4":1},"f":{"0":2,"1":4},"b":{"0":[1,1]},"_coverageSchema":"1a1c01bbd47fc00a2c39e90264f33305004495a9","hash":"b9e71a4575f70f1313d54f3f2d52019926b808e6"}
,"C:\\Users\\Eka_home\\Desktop\\testing\\src\\cashback.js": {"path":"C:\\Users\\Eka_home\\Desktop\\testing\\src\\cashback.js","statementMap":{"0":{"start":{"line":1,"column":17},"end":{"line":14,"column":1}},"1":{"start":{"line":17,"column":4},"end":{"line":19,"column":5}},"2":{"start":{"line":18,"column":8},"end":{"line":18,"column":62}},"3":{"start":{"line":20,"column":4},"end":{"line":22,"column":5}},"4":{"start":{"line":21,"column":8},"end":{"line":21,"column":64}},"5":{"start":{"line":23,"column":4},"end":{"line":25,"column":5}},"6":{"start":{"line":24,"column":8},"end":{"line":24,"column":65}},"7":{"start":{"line":26,"column":4},"end":{"line":26,"column":13}}},"fnMap":{"0":{"name":"calculateCashback","decl":{"start":{"line":16,"column":24},"end":{"line":16,"column":41}},"loc":{"start":{"line":16,"column":50},"end":{"line":27,"column":1}},"line":16}},"branchMap":{"0":{"loc":{"start":{"line":17,"column":4},"end":{"line":19,"column":5}},"type":"if","locations":[{"start":{"line":17,"column":4},"end":{"line":19,"column":5}},{"start":{},"end":{}}],"line":17},"1":{"loc":{"start":{"line":20,"column":4},"end":{"line":22,"column":5}},"type":"if","locations":[{"start":{"line":20,"column":4},"end":{"line":22,"column":5}},{"start":{},"end":{}}],"line":20},"2":{"loc":{"start":{"line":23,"column":4},"end":{"line":25,"column":5}},"type":"if","locations":[{"start":{"line":23,"column":4},"end":{"line":25,"column":5}},{"start":{},"end":{}}],"line":23}},"s":{"0":1,"1":1,"2":0,"3":1,"4":0,"5":1,"6":0,"7":1},"f":{"0":1},"b":{"0":[0,1],"1":[0,1],"2":[0,1]},"_coverageSchema":"1a1c01bbd47fc00a2c39e90264f33305004495a9","hash":"85802df411175b75ccd2951d44bf33b6e70eddb6"}
,"C:\\Users\\Eka_home\\Desktop\\testing\\src\\http.js": {"path":"C:\\Users\\Eka_home\\Desktop\\testing\\src\\http.js","statementMap":{"0":{"start":{"line":2,"column":4},"end":{"line":2,"column":16}}},"fnMap":{"0":{"name":"httpGet","decl":{"start":{"line":1,"column":16},"end":{"line":1,"column":23}},"loc":{"start":{"line":1,"column":27},"end":{"line":3,"column":1}},"line":1}},"branchMap":{},"s":{"0":0},"f":{"0":0},"b":{},"_coverageSchema":"1a1c01bbd47fc00a2c39e90264f33305004495a9","hash":"0ffd2f3279330a8cacced4f09b4e3c4afc378705"}
,"C:\\Users\\Eka_home\\Desktop\\testing\\src\\loadUser.js": {"path":"C:\\Users\\Eka_home\\Desktop\\testing\\src\\loadUser.js","statementMap":{"0":{"start":{"line":3,"column":17},"end":{"line":3,"column":58}},"1":{"start":{"line":4,"column":4},"end":{"line":4,"column":28}}},"fnMap":{"0":{"name":"loadUser","decl":{"start":{"line":2,"column":24},"end":{"line":2,"column":32}},"loc":{"start":{"line":2,"column":37},"end":{"line":5,"column":1}},"line":2}},"branchMap":{},"s":{"0":1,"1":1},"f":{"0":1},"b":{},"_coverageSchema":"1a1c01bbd47fc00a2c39e90264f33305004495a9","hash":"5029207297658fdc03ebd52d44ae060670f9cd91"}
}
