TN:
SF:src\calculate.js
FN:1,calculateTotal
FN:2,(anonymous_1)
FNF:2
FNH:2
FNDA:2,calculateTotal
FNDA:4,(anonymous_1)
DA:2,2
DA:3,4
DA:5,2
DA:6,1
DA:8,1
LF:5
LH:5
BRDA:5,0,0,1
BRDA:5,0,1,1
BRF:2
BRH:2
end_of_record
TN:
SF:src\cashback.js
FN:16,calculateCashback
FNF:1
FNH:1
FNDA:1,calculateCashback
DA:1,1
DA:17,1
DA:18,0
DA:20,1
DA:21,0
DA:23,1
DA:24,0
DA:26,1
LF:8
LH:5
BRDA:17,0,0,0
BRDA:17,0,1,1
BRDA:20,1,0,0
BRDA:20,1,1,1
BRDA:23,2,0,0
BRDA:23,2,1,1
BRF:6
BRH:3
end_of_record
TN:
SF:src\http.js
FN:1,httpGet
FNF:1
FNH:0
FNDA:0,httpGet
DA:2,0
LF:1
LH:0
BRF:0
BRH:0
end_of_record
TN:
SF:src\loadUser.js
FN:2,loadUser
FNF:1
FNH:1
FNDA:1,loadUser
DA:3,1
DA:4,1
LF:2
LH:2
BRF:0
BRH:0
end_of_record
